<?xml version="1.0" encoding="UTF-8"?>
<testsuite name="com.xfs.client.TestBestPeerSelector" tests="2" skipped="0" failures="0" errors="0" timestamp="2019-05-05T20:23:58" hostname="Kevin-Lenovo" time="0.001">
  <properties/>
  <testcase name="selectBestPeerFromList" classname="com.xfs.client.TestBestPeerSelector" time="0.001"/>
  <testcase name="selectFromEmptyList" classname="com.xfs.client.TestBestPeerSelector" time="0.0"/>
  <system-out><![CDATA[]]></system-out>
  <system-err><![CDATA[]]></system-err>
</testsuite>
