<?xml version="1.0" encoding="UTF-8"?>
<testsuite name="com.xfs.common.TestXFSTrackerCommunicator" tests="5" skipped="0" failures="0" errors="0" timestamp="2019-05-05T20:23:59" hostname="Kevin-Lenovo" time="0.468">
  <properties/>
  <testcase name="checkInputOfRegisterTest" classname="com.xfs.common.TestXFSTrackerCommunicator" time="0.44"/>
  <testcase name="checkInputOfUpdateListTest" classname="com.xfs.common.TestXFSTrackerCommunicator" time="0.014"/>
  <testcase name="findCorrectlyParsesPeerListTest" classname="com.xfs.common.TestXFSTrackerCommunicator" time="0.01"/>
  <testcase name="findReturnsNullWhenNobodyHasFile" classname="com.xfs.common.TestXFSTrackerCommunicator" time="0.001"/>
  <testcase name="checkInputOfFindTest" classname="com.xfs.common.TestXFSTrackerCommunicator" time="0.002"/>
  <system-out><![CDATA[]]></system-out>
  <system-err><![CDATA[]]></system-err>
</testsuite>
