<?xml version="1.0" encoding="UTF-8"?>
<testsuite name="com.xfs.common.TestPeer" tests="1" skipped="0" failures="0" errors="0" timestamp="2019-05-05T20:23:59" hostname="Kevin-Lenovo" time="0.001">
  <properties/>
  <testcase name="testPeerEqualsMethod" classname="com.xfs.common.TestPeer" time="0.001"/>
  <system-out><![CDATA[]]></system-out>
  <system-err><![CDATA[]]></system-err>
</testsuite>
